#! /usr/local/bin/vvp
:ivl_version "10.0 (stable)" "(v10_0)";
:ivl_delay_selection "TYPICAL";
:vpi_time_precision + 0;
:vpi_module "system";
:vpi_module "vhdl_sys";
:vpi_module "v2005_math";
:vpi_module "va_math";
S_0x1a96a00 .scope module, "test" "test" 2 26;
 .timescale 0 0;
v0x1abbff0_0 .var "clk", 0 0;
v0x1abc0c0_0 .net "ls", 7 0, L_0x1abc190;  1 drivers
S_0x1a96b80 .scope module, "leds1" "leds" 2 31, 2 1 0, S_0x1a96a00;
 .timescale 0 0;
    .port_info 0 /INPUT 1 "CLOCK_50"
    .port_info 1 /OUTPUT 8 "LEDG"
L_0x1abc190 .functor BUFZ 8, v0x1abbdc0_0, C4<00000000>, C4<00000000>, C4<00000000>;
v0x1a96d50_0 .net "CLOCK_50", 0 0, v0x1abbff0_0;  1 drivers
v0x1abbce0_0 .net "LEDG", 7 0, L_0x1abc190;  alias, 1 drivers
v0x1abbdc0_0 .var "blinkingLed", 7 0;
v0x1abbeb0_0 .var "counter", 7 0;
E_0x1a60810 .event posedge, v0x1a96d50_0;
    .scope S_0x1a96b80;
T_0 ;
    %pushi/vec4 0, 0, 8;
    %store/vec4 v0x1abbdc0_0, 0, 8;
    %end;
    .thread T_0;
    .scope S_0x1a96b80;
T_1 ;
    %pushi/vec4 0, 0, 8;
    %store/vec4 v0x1abbeb0_0, 0, 8;
    %end;
    .thread T_1;
    .scope S_0x1a96b80;
T_2 ;
    %wait E_0x1a60810;
    %load/vec4 v0x1abbeb0_0;
    %pad/u 32;
    %cmpi/e 50000000, 0, 32;
    %jmp/0xz  T_2.0, 4;
    %load/vec4 v0x1abbdc0_0;
    %inv;
    %assign/vec4 v0x1abbdc0_0, 0;
    %pushi/vec4 0, 0, 8;
    %store/vec4 v0x1abbeb0_0, 0, 8;
    %jmp T_2.1;
T_2.0 ;
    %load/vec4 v0x1abbeb0_0;
    %addi 1, 0, 8;
    %assign/vec4 v0x1abbeb0_0, 0;
T_2.1 ;
    %jmp T_2;
    .thread T_2;
    .scope S_0x1a96a00;
T_3 ;
    %pushi/vec4 0, 0, 1;
    %store/vec4 v0x1abbff0_0, 0, 1;
    %end;
    .thread T_3;
    .scope S_0x1a96a00;
T_4 ;
    %vpi_call 2 34 "$dumpvars" {0 0 0};
    %delay 2, 0;
    %load/vec4 v0x1abbff0_0;
    %inv;
    %store/vec4 v0x1abbff0_0, 0, 1;
    %delay 2, 0;
    %load/vec4 v0x1abbff0_0;
    %inv;
    %store/vec4 v0x1abbff0_0, 0, 1;
    %delay 2, 0;
    %load/vec4 v0x1abbff0_0;
    %inv;
    %store/vec4 v0x1abbff0_0, 0, 1;
    %delay 2, 0;
    %load/vec4 v0x1abbff0_0;
    %inv;
    %store/vec4 v0x1abbff0_0, 0, 1;
    %delay 2, 0;
    %load/vec4 v0x1abbff0_0;
    %inv;
    %store/vec4 v0x1abbff0_0, 0, 1;
    %delay 2, 0;
    %load/vec4 v0x1abbff0_0;
    %inv;
    %store/vec4 v0x1abbff0_0, 0, 1;
    %delay 2, 0;
    %load/vec4 v0x1abbff0_0;
    %inv;
    %store/vec4 v0x1abbff0_0, 0, 1;
    %delay 2, 0;
    %load/vec4 v0x1abbff0_0;
    %inv;
    %store/vec4 v0x1abbff0_0, 0, 1;
    %delay 2, 0;
    %load/vec4 v0x1abbff0_0;
    %inv;
    %store/vec4 v0x1abbff0_0, 0, 1;
    %vpi_call 2 46 "$finish" {0 0 0};
    %end;
    .thread T_4;
# The file index is used to find the file name in the following table.
:file_names 3;
    "N/A";
    "<interactive>";
    "ledsVisiveis.v";
