#! /usr/local/bin/vvp
:ivl_version "10.0 (stable)" "(v10_0)";
:ivl_delay_selection "TYPICAL";
:vpi_time_precision + 0;
:vpi_module "system";
:vpi_module "vhdl_sys";
:vpi_module "v2005_math";
:vpi_module "va_math";
S_0xd089e0 .scope module, "test" "test" 2 21;
 .timescale 0 0;
v0xd2d690_0 .var "clk", 0 0;
v0xd2d760_0 .net "ls", 7 0, L_0xd2d830;  1 drivers
S_0xd08b60 .scope module, "leds1" "leds" 2 26, 2 1 0, S_0xd089e0;
 .timescale 0 0;
    .port_info 0 /INPUT 1 "CLOCK_50"
    .port_info 1 /OUTPUT 8 "LEDG"
L_0xd2d830 .functor BUFZ 8, v0xd2d540_0, C4<00000000>, C4<00000000>, C4<00000000>;
v0xd08d30_0 .net "CLOCK_50", 0 0, v0xd2d690_0;  1 drivers
v0xd2d460_0 .net "LEDG", 7 0, L_0xd2d830;  alias, 1 drivers
v0xd2d540_0 .var "blinkingLed", 7 0;
E_0xcd3810 .event posedge, v0xd08d30_0;
    .scope S_0xd08b60;
T_0 ;
    %pushi/vec4 0, 0, 8;
    %store/vec4 v0xd2d540_0, 0, 8;
    %end;
    .thread T_0;
    .scope S_0xd08b60;
T_1 ;
    %wait E_0xcd3810;
    %load/vec4 v0xd2d540_0;
    %inv;
    %assign/vec4 v0xd2d540_0, 0;
    %jmp T_1;
    .thread T_1;
    .scope S_0xd089e0;
T_2 ;
    %pushi/vec4 0, 0, 1;
    %store/vec4 v0xd2d690_0, 0, 1;
    %end;
    .thread T_2;
    .scope S_0xd089e0;
T_3 ;
    %vpi_call 2 29 "$dumpvars" {0 0 0};
    %delay 2, 0;
    %load/vec4 v0xd2d690_0;
    %inv;
    %store/vec4 v0xd2d690_0, 0, 1;
    %delay 2, 0;
    %load/vec4 v0xd2d690_0;
    %inv;
    %store/vec4 v0xd2d690_0, 0, 1;
    %delay 2, 0;
    %load/vec4 v0xd2d690_0;
    %inv;
    %store/vec4 v0xd2d690_0, 0, 1;
    %delay 2, 0;
    %load/vec4 v0xd2d690_0;
    %inv;
    %store/vec4 v0xd2d690_0, 0, 1;
    %delay 2, 0;
    %load/vec4 v0xd2d690_0;
    %inv;
    %store/vec4 v0xd2d690_0, 0, 1;
    %delay 2, 0;
    %load/vec4 v0xd2d690_0;
    %inv;
    %store/vec4 v0xd2d690_0, 0, 1;
    %delay 2, 0;
    %load/vec4 v0xd2d690_0;
    %inv;
    %store/vec4 v0xd2d690_0, 0, 1;
    %delay 2, 0;
    %load/vec4 v0xd2d690_0;
    %inv;
    %store/vec4 v0xd2d690_0, 0, 1;
    %delay 2, 0;
    %load/vec4 v0xd2d690_0;
    %inv;
    %store/vec4 v0xd2d690_0, 0, 1;
    %vpi_call 2 41 "$finish" {0 0 0};
    %end;
    .thread T_3;
# The file index is used to find the file name in the following table.
:file_names 3;
    "N/A";
    "<interactive>";
    "leds.v";
