#! /usr/local/bin/vvp
:ivl_version "10.0 (stable)" "(v10_0)";
:ivl_delay_selection "TYPICAL";
:vpi_time_precision + 0;
:vpi_module "system";
:vpi_module "vhdl_sys";
:vpi_module "v2005_math";
:vpi_module "va_math";
S_0x2668de0 .scope module, "test" "test" 2 34;
 .timescale 0 0;
RS_0x7fb4c6189048 .resolv tri, L_0x268fe10, L_0x2690250;
v0x268de50_0 .net8 "areaSaida", 15 0, RS_0x7fb4c6189048;  2 drivers
v0x268df30_0 .var "x1", 7 0;
v0x268dff0_0 .var "x2", 7 0;
v0x268e0f0_0 .var "x3", 7 0;
v0x268e1c0_0 .var "y1", 7 0;
v0x268e2b0_0 .var "y2", 7 0;
v0x268e380_0 .var "y3", 7 0;
S_0x265ad00 .scope module, "area" "calcArea" 2 43, 2 16 0, S_0x2668de0;
 .timescale 0 0;
    .port_info 0 /INPUT 8 "x1"
    .port_info 1 /INPUT 8 "x2"
    .port_info 2 /INPUT 8 "x3"
    .port_info 3 /INPUT 8 "y1"
    .port_info 4 /INPUT 8 "y2"
    .port_info 5 /INPUT 8 "y3"
    .port_info 6 /OUTPUT 16 "area"
v0x268b570_0 .net *"_s0", 15 0, L_0x268e450;  1 drivers
v0x268b650_0 .net *"_s10", 15 0, L_0x268e840;  1 drivers
L_0x7fb4c61400a8 .functor BUFT 1, C4<00000000>, C4<0>, C4<0>, C4<0>;
v0x268b730_0 .net *"_s13", 7 0, L_0x7fb4c61400a8;  1 drivers
v0x268b820_0 .net *"_s14", 15 0, L_0x268e980;  1 drivers
L_0x7fb4c61400f0 .functor BUFT 1, C4<00000000>, C4<0>, C4<0>, C4<0>;
v0x268b900_0 .net *"_s17", 7 0, L_0x7fb4c61400f0;  1 drivers
v0x268ba30_0 .net *"_s19", 15 0, L_0x268eac0;  1 drivers
v0x268bb10_0 .net *"_s20", 15 0, L_0x268ec00;  1 drivers
v0x268bbf0_0 .net *"_s22", 15 0, L_0x268edb0;  1 drivers
L_0x7fb4c6140138 .functor BUFT 1, C4<00000000>, C4<0>, C4<0>, C4<0>;
v0x268bcd0_0 .net *"_s25", 7 0, L_0x7fb4c6140138;  1 drivers
v0x268be40_0 .net *"_s26", 15 0, L_0x268ef90;  1 drivers
L_0x7fb4c6140180 .functor BUFT 1, C4<00000000>, C4<0>, C4<0>, C4<0>;
v0x268bf20_0 .net *"_s29", 7 0, L_0x7fb4c6140180;  1 drivers
L_0x7fb4c6140018 .functor BUFT 1, C4<00000000>, C4<0>, C4<0>, C4<0>;
v0x268c000_0 .net *"_s3", 7 0, L_0x7fb4c6140018;  1 drivers
v0x268c0e0_0 .net *"_s31", 15 0, L_0x268f0d0;  1 drivers
v0x268c1c0_0 .net *"_s32", 15 0, L_0x268f270;  1 drivers
v0x268c2a0_0 .net *"_s34", 15 0, L_0x268f360;  1 drivers
L_0x7fb4c61401c8 .functor BUFT 1, C4<00000000>, C4<0>, C4<0>, C4<0>;
v0x268c380_0 .net *"_s37", 7 0, L_0x7fb4c61401c8;  1 drivers
v0x268c460_0 .net *"_s38", 15 0, L_0x268f450;  1 drivers
v0x268c610_0 .net *"_s4", 15 0, L_0x268e5c0;  1 drivers
L_0x7fb4c6140210 .functor BUFT 1, C4<00000000>, C4<0>, C4<0>, C4<0>;
v0x268c6b0_0 .net *"_s41", 7 0, L_0x7fb4c6140210;  1 drivers
v0x268c790_0 .net *"_s43", 15 0, L_0x268f540;  1 drivers
v0x268c870_0 .net *"_s44", 15 0, L_0x268f700;  1 drivers
L_0x7fb4c6140258 .functor BUFT 1, C4<00000000>, C4<0>, C4<0>, C4<0>;
v0x268c950_0 .net *"_s47", 7 0, L_0x7fb4c6140258;  1 drivers
v0x268ca30_0 .net *"_s48", 15 0, L_0x268f880;  1 drivers
L_0x7fb4c61402a0 .functor BUFT 1, C4<00000000>, C4<0>, C4<0>, C4<0>;
v0x268cb10_0 .net *"_s51", 7 0, L_0x7fb4c61402a0;  1 drivers
v0x268cbf0_0 .net *"_s53", 15 0, L_0x268f9b0;  1 drivers
v0x268ccd0_0 .net *"_s54", 15 0, L_0x268faf0;  1 drivers
v0x268cdb0_0 .net *"_s56", 15 0, L_0x268fcd0;  1 drivers
L_0x7fb4c61402e8 .functor BUFT 1, C4<00000000>, C4<0>, C4<0>, C4<0>;
v0x268ce90_0 .net *"_s59", 7 0, L_0x7fb4c61402e8;  1 drivers
v0x268cf70_0 .net *"_s60", 15 0, L_0x268fd70;  1 drivers
L_0x7fb4c6140330 .functor BUFT 1, C4<00000000>, C4<0>, C4<0>, C4<0>;
v0x268d050_0 .net *"_s63", 7 0, L_0x7fb4c6140330;  1 drivers
v0x268d130_0 .net *"_s65", 15 0, L_0x268fec0;  1 drivers
v0x268d210_0 .net *"_s66", 15 0, L_0x268ffb0;  1 drivers
L_0x7fb4c6140060 .functor BUFT 1, C4<00000000>, C4<0>, C4<0>, C4<0>;
v0x268d2f0_0 .net *"_s7", 7 0, L_0x7fb4c6140060;  1 drivers
L_0x7fb4c6140378 .functor BUFT 1, C4<000000000000000>, C4<0>, C4<0>, C4<0>;
v0x268c540_0 .net *"_s73", 14 0, L_0x7fb4c6140378;  1 drivers
v0x268d5c0_0 .net *"_s9", 15 0, L_0x268e700;  1 drivers
v0x268d6a0_0 .net8 "area", 15 0, RS_0x7fb4c6189048;  alias, 2 drivers
v0x268d760_0 .net "invertedArea", 0 0, v0x2621cf0_0;  1 drivers
v0x268d830_0 .net "x1", 7 0, v0x268df30_0;  1 drivers
v0x268d8d0_0 .net "x2", 7 0, v0x268dff0_0;  1 drivers
v0x268d9b0_0 .net "x3", 7 0, v0x268e0f0_0;  1 drivers
v0x268da90_0 .net "y1", 7 0, v0x268e1c0_0;  1 drivers
v0x268db70_0 .net "y2", 7 0, v0x268e2b0_0;  1 drivers
v0x268dc50_0 .net "y3", 7 0, v0x268e380_0;  1 drivers
L_0x268e450 .concat [ 8 8 0 0], v0x268df30_0, L_0x7fb4c6140018;
L_0x268e5c0 .concat [ 8 8 0 0], v0x268e2b0_0, L_0x7fb4c6140060;
L_0x268e700 .arith/mult 16, L_0x268e450, L_0x268e5c0;
L_0x268e840 .concat [ 8 8 0 0], v0x268dff0_0, L_0x7fb4c61400a8;
L_0x268e980 .concat [ 8 8 0 0], v0x268e380_0, L_0x7fb4c61400f0;
L_0x268eac0 .arith/mult 16, L_0x268e840, L_0x268e980;
L_0x268ec00 .arith/sum 16, L_0x268e700, L_0x268eac0;
L_0x268edb0 .concat [ 8 8 0 0], v0x268e0f0_0, L_0x7fb4c6140138;
L_0x268ef90 .concat [ 8 8 0 0], v0x268e1c0_0, L_0x7fb4c6140180;
L_0x268f0d0 .arith/mult 16, L_0x268edb0, L_0x268ef90;
L_0x268f270 .arith/sum 16, L_0x268ec00, L_0x268f0d0;
L_0x268f360 .concat [ 8 8 0 0], v0x268e0f0_0, L_0x7fb4c61401c8;
L_0x268f450 .concat [ 8 8 0 0], v0x268e2b0_0, L_0x7fb4c6140210;
L_0x268f540 .arith/mult 16, L_0x268f360, L_0x268f450;
L_0x268f700 .concat [ 8 8 0 0], v0x268dff0_0, L_0x7fb4c6140258;
L_0x268f880 .concat [ 8 8 0 0], v0x268e1c0_0, L_0x7fb4c61402a0;
L_0x268f9b0 .arith/mult 16, L_0x268f700, L_0x268f880;
L_0x268faf0 .arith/sum 16, L_0x268f540, L_0x268f9b0;
L_0x268fcd0 .concat [ 8 8 0 0], v0x268e380_0, L_0x7fb4c61402e8;
L_0x268fd70 .concat [ 8 8 0 0], v0x268df30_0, L_0x7fb4c6140330;
L_0x268fec0 .arith/mult 16, L_0x268fcd0, L_0x268fd70;
L_0x268ffb0 .arith/sum 16, L_0x268faf0, L_0x268fec0;
L_0x268fe10 .arith/sub 16, L_0x268f270, L_0x268ffb0;
L_0x2690250 .concat [ 1 15 0 0], v0x2621cf0_0, L_0x7fb4c6140378;
S_0x265af80 .scope module, "inverting" "invert" 2 28, 2 1 0, S_0x265ad00;
 .timescale 0 0;
    .port_info 0 /INPUT 16 "x"
    .port_info 1 /OUTPUT 1 "o"
v0x2621cf0_0 .var "o", 0 0;
v0x268b430_0 .net8 "x", 15 0, RS_0x7fb4c6189048;  alias, 2 drivers
E_0x265b610 .event edge, v0x268b430_0;
    .scope S_0x265af80;
T_0 ;
    %wait E_0x265b610;
    %load/vec4 v0x268b430_0;
    %pad/u 32;
    %cmpi/u 0, 0, 32;
    %jmp/0xz  T_0.0, 5;
    %load/vec4 v0x268b430_0;
    %inv;
    %pushi/vec4 1, 0, 16;
    %add;
    %pad/u 1;
    %store/vec4 v0x2621cf0_0, 0, 1;
    %jmp T_0.1;
T_0.0 ;
    %load/vec4 v0x268b430_0;
    %pad/u 1;
    %store/vec4 v0x2621cf0_0, 0, 1;
T_0.1 ;
    %jmp T_0;
    .thread T_0, $push;
    .scope S_0x2668de0;
T_1 ;
    %vpi_call 2 46 "$dumpvars" {0 0 0};
    %pushi/vec4 1, 0, 8;
    %store/vec4 v0x268df30_0, 0, 8;
    %pushi/vec4 5, 0, 8;
    %store/vec4 v0x268dff0_0, 0, 8;
    %pushi/vec4 1, 0, 8;
    %store/vec4 v0x268e0f0_0, 0, 8;
    %pushi/vec4 1, 0, 8;
    %store/vec4 v0x268e1c0_0, 0, 8;
    %pushi/vec4 1, 0, 8;
    %store/vec4 v0x268e2b0_0, 0, 8;
    %pushi/vec4 5, 0, 8;
    %store/vec4 v0x268e380_0, 0, 8;
    %delay 1, 0;
    %pushi/vec4 4, 0, 8;
    %store/vec4 v0x268df30_0, 0, 8;
    %pushi/vec4 7, 0, 8;
    %store/vec4 v0x268dff0_0, 0, 8;
    %pushi/vec4 2, 0, 8;
    %store/vec4 v0x268e0f0_0, 0, 8;
    %pushi/vec4 8, 0, 8;
    %store/vec4 v0x268e1c0_0, 0, 8;
    %pushi/vec4 9, 0, 8;
    %store/vec4 v0x268e2b0_0, 0, 8;
    %pushi/vec4 23, 0, 8;
    %store/vec4 v0x268e380_0, 0, 8;
    %delay 1, 0;
    %pushi/vec4 12, 0, 8;
    %store/vec4 v0x268df30_0, 0, 8;
    %pushi/vec4 4, 0, 8;
    %store/vec4 v0x268dff0_0, 0, 8;
    %pushi/vec4 3, 0, 8;
    %store/vec4 v0x268e0f0_0, 0, 8;
    %pushi/vec4 16, 0, 8;
    %store/vec4 v0x268e1c0_0, 0, 8;
    %pushi/vec4 21, 0, 8;
    %store/vec4 v0x268e2b0_0, 0, 8;
    %pushi/vec4 7, 0, 8;
    %store/vec4 v0x268e380_0, 0, 8;
    %vpi_call 2 72 "$finish" {0 0 0};
    %end;
    .thread T_1;
# The file index is used to find the file name in the following table.
:file_names 3;
    "N/A";
    "<interactive>";
    "trab4.v";
