#! /usr/local/bin/vvp
:ivl_version "10.0 (stable)" "(v10_0)";
:ivl_delay_selection "TYPICAL";
:vpi_time_precision + 0;
:vpi_module "system";
:vpi_module "vhdl_sys";
:vpi_module "v2005_math";
:vpi_module "va_math";
S_0x2106c60 .scope module, "teste" "teste" 2 20;
 .timescale 0 0;
v0x212ad40_0 .var "clk", 0 0;
v0x212ae10_0 .var "reset", 0 0;
v0x212aee0_0 .net "saida", 0 0, L_0x212afe0;  1 drivers
S_0x2106de0 .scope module, "meuLeds" "leds" 2 24, 2 1 0, S_0x2106c60;
 .timescale 0 0;
    .port_info 0 /INPUT 1 "res"
    .port_info 1 /INPUT 1 "c"
    .port_info 2 /OUTPUT 1 "o"
L_0x212afe0 .functor BUFZ 1, v0x212aa70_0, C4<0>, C4<0>, C4<0>;
v0x20d0cf0_0 .net "c", 0 0, v0x212ad40_0;  1 drivers
v0x212aa70_0 .var "m", 0 0;
v0x212ab30_0 .net "o", 0 0, L_0x212afe0;  alias, 1 drivers
v0x212ac00_0 .net "res", 0 0, v0x212ae10_0;  1 drivers
E_0x20d1320 .event edge, v0x20d0cf0_0;
E_0x20d1690 .event edge, v0x212ac00_0;
    .scope S_0x2106de0;
T_0 ;
    %wait E_0x20d1690;
    %pushi/vec4 0, 0, 1;
    %assign/vec4 v0x212aa70_0, 0;
    %jmp T_0;
    .thread T_0, $push;
    .scope S_0x2106de0;
T_1 ;
    %wait E_0x20d1320;
    %load/vec4 v0x212aa70_0;
    %inv;
    %assign/vec4 v0x212aa70_0, 0;
    %jmp T_1;
    .thread T_1, $push;
    .scope S_0x2106c60;
T_2 ;
    %delay 2, 0;
    %load/vec4 v0x212ad40_0;
    %inv;
    %assign/vec4 v0x212ad40_0, 0;
    %jmp T_2;
    .thread T_2;
    .scope S_0x2106c60;
T_3 ;
    %vpi_call 2 31 "$dumpvars", 32'sb00000000000000000000000000000000, v0x212ad40_0, v0x212aee0_0 {0 0 0};
    %delay 1, 0;
    %pushi/vec4 1, 0, 1;
    %assign/vec4 v0x212ae10_0, 0;
    %delay 1, 0;
    %pushi/vec4 0, 0, 1;
    %assign/vec4 v0x212ae10_0, 0;
    %delay 5, 0;
    %pushi/vec4 1, 0, 1;
    %assign/vec4 v0x212ad40_0, 0;
    %delay 300, 0;
    %vpi_call 2 39 "$finish" {0 0 0};
    %end;
    .thread T_3;
# The file index is used to find the file name in the following table.
:file_names 3;
    "N/A";
    "<interactive>";
    "aula1.v";
