#! /usr/local/bin/vvp
:ivl_version "10.0 (stable)" "(v10_0)";
:ivl_delay_selection "TYPICAL";
:vpi_time_precision + 0;
:vpi_module "system";
:vpi_module "vhdl_sys";
:vpi_module "v2005_math";
:vpi_module "va_math";
S_0x1500670 .scope module, "test" "test" 2 21;
 .timescale 0 0;
v0x1523bd0_0 .var "CLOCK_50", 0 0;
v0x1523ca0_0 .var "KEY", 0 0;
v0x1523d40_0 .net "light", 0 0, L_0x1523e40;  1 drivers
S_0x15007f0 .scope module, "c" "counter" 2 28, 2 1 0, S_0x1500670;
 .timescale 0 0;
    .port_info 0 /INPUT 1 "CLOCK_50"
    .port_info 1 /OUTPUT 1 "LEDG"
L_0x1523e40 .functor BUFZ 1, v0x1523ab0_0, C4<0>, C4<0>, C4<0>;
v0x15009c0_0 .net "CLOCK_50", 0 0, v0x1523bd0_0;  1 drivers
v0x15238e0_0 .net "LEDG", 0 0, L_0x1523e40;  alias, 1 drivers
v0x15239c0_0 .var "count", 25 0;
v0x1523ab0_0 .var "light", 0 0;
E_0x14ca4d0 .event posedge, v0x15009c0_0;
    .scope S_0x15007f0;
T_0 ;
    %pushi/vec4 0, 0, 1;
    %store/vec4 v0x1523ab0_0, 0, 1;
    %end;
    .thread T_0;
    .scope S_0x15007f0;
T_1 ;
    %wait E_0x14ca4d0;
    %load/vec4 v0x15239c0_0;
    %pad/u 32;
    %cmpi/e 500000000, 0, 32;
    %jmp/0xz  T_1.0, 4;
    %load/vec4 v0x1523ab0_0;
    %inv;
    %assign/vec4 v0x1523ab0_0, 0;
    %pushi/vec4 0, 0, 26;
    %assign/vec4 v0x15239c0_0, 0;
    %jmp T_1.1;
T_1.0 ;
    %load/vec4 v0x15239c0_0;
    %addi 1, 0, 26;
    %assign/vec4 v0x15239c0_0, 0;
T_1.1 ;
    %jmp T_1;
    .thread T_1;
    .scope S_0x1500670;
T_2 ;
    %delay 1, 0;
    %load/vec4 v0x1523bd0_0;
    %inv;
    %assign/vec4 v0x1523bd0_0, 0;
    %jmp T_2;
    .thread T_2;
    .scope S_0x1500670;
T_3 ;
    %vpi_call 2 31 "$dumpvars" {0 0 0};
    %delay 0, 0;
    %pushi/vec4 0, 0, 1;
    %assign/vec4 v0x1523ca0_0, 0;
    %delay 5000, 0;
    %vpi_call 2 35 "$finish" {0 0 0};
    %end;
    .thread T_3;
# The file index is used to find the file name in the following table.
:file_names 3;
    "N/A";
    "<interactive>";
    "ledsVisiveis.v";
